[    0.000000] Initializing cgroup subsys cpuset
[    0.000000] Initializing cgroup subsys cpu
[    0.000000] Initializing cgroup subsys cpuacct
[    0.000000] Linux version 4.4.0-179-generic (buildd@lcy01-amd64-014) (gcc version 5.4.0 20160609 (Ubuntu 5.4.0-6ubuntu1~16.04.12) ) #209-Ubuntu SMP Fri Apr 24 17:48:44 UTC 2020 (Ubuntu 4.4.0-179.209-generic 4.4.219)
[    0.000000] Command line: BOOT_IMAGE=/boot/vmlinuz-4.4.0-179-generic root=LABEL=cloudimg-rootfs ro console=tty1 console=ttyS0
[    0.000000] KERNEL supported cpus:
[    0.000000]   Intel GenuineIntel
[    0.000000]   AMD AuthenticAMD
[    0.000000]   Centaur CentaurHauls
[    0.000000] x86/fpu: xstate_offset[2]:  576, xstate_sizes[2]:  256
[    0.000000] x86/fpu: Supporting XSAVE feature 0x01: 'x87 floating point registers'
[    0.000000] x86/fpu: Supporting XSAVE feature 0x02: 'SSE registers'
[    0.000000] x86/fpu: Supporting XSAVE feature 0x04: 'AVX registers'
[    0.000000] x86/fpu: Enabled xstate features 0x7, context size is 832 bytes, using 'standard' format.
[    0.000000] e820: BIOS-provided physical RAM map:
[    0.000000] BIOS-e820: [mem 0x0000000000000000-0x000000000009fbff] usable
[    0.000000] BIOS-e820: [mem 0x000000000009fc00-0x000000000009ffff] reserved
[    0.000000] BIOS-e820: [mem 0x00000000000f0000-0x00000000000fffff] reserved
[    0.000000] BIOS-e820: [mem 0x0000000000100000-0x000000001ffeffff] usable
[    0.000000] BIOS-e820: [mem 0x000000001fff0000-0x000000001fffffff] ACPI data
[    0.000000] BIOS-e820: [mem 0x00000000fec00000-0x00000000fec00fff] reserved
[    0.000000] BIOS-e820: [mem 0x00000000fee00000-0x00000000fee00fff] reserved
[    0.000000] BIOS-e820: [mem 0x00000000fffc0000-0x00000000ffffffff] reserved
[    0.000000] NX (Execute Disable) protection: active
[    0.000000] SMBIOS 2.5 present.
[    0.000000] Hypervisor detected: KVM
[    0.000000] e820: last_pfn = 0x1fff0 max_arch_pfn = 0x400000000
[    0.000000] MTRR: Disabled
[    0.000000] x86/PAT: MTRRs disabled, skipping PAT initialization too.
[    0.000000] CPU MTRRs all blank - virtualized system.
[    0.000000] x86/PAT: Configuration [0-7]: WB  WT  UC- UC  WB  WT  UC- UC  
[    0.000000] found SMP MP-table at [mem 0x0009fff0-0x0009ffff] mapped at [ffff88000009fff0]
[    0.000000] Scanning 1 areas for low memory corruption
[    0.000000] RAMDISK: [mem 0x1e8cd000-0x1f753fff]
[    0.000000] ACPI: Early table checksum verification disabled
[    0.000000] ACPI: RSDP 0x00000000000E0000 000024 (v02 VBOX  )
[    0.000000] ACPI: XSDT 0x000000001FFF0030 00003C (v01 VBOX   VBOXXSDT 00000001 ASL  00000061)
[    0.000000] ACPI: FACP 0x000000001FFF00F0 0000F4 (v04 VBOX   VBOXFACP 00000001 ASL  00000061)
[    0.000000] ACPI: DSDT 0x000000001FFF0470 002325 (v02 VBOX   VBOXBIOS 00000002 INTL 20100528)
[    0.000000] ACPI: FACS 0x000000001FFF0200 000040
[    0.000000] ACPI: FACS 0x000000001FFF0200 000040
[    0.000000] ACPI: APIC 0x000000001FFF0240 00005C (v02 VBOX   VBOXAPIC 00000001 ASL  00000061)
[    0.000000] ACPI: SSDT 0x000000001FFF02A0 0001CC (v01 VBOX   VBOXCPUT 00000002 INTL 20100528)
[    0.000000] No NUMA configuration found
[    0.000000] Faking a node at [mem 0x0000000000000000-0x000000001ffeffff]
[    0.000000] NODE_DATA(0) allocated [mem 0x1ffeb000-0x1ffeffff]
[    0.000000] kvm-clock: Using msrs 4b564d01 and 4b564d00
[    0.000000] kvm-clock: cpu 0, msr 0:1ffe3001, primary cpu clock
[    0.000000] kvm-clock: using sched offset of 3673914570 cycles
[    0.000000] clocksource: kvm-clock: mask: 0xffffffffffffffff max_cycles: 0x1cd42e4dffb, max_idle_ns: 881590591483 ns
[    0.000000] Zone ranges:
[    0.000000]   DMA      [mem 0x0000000000001000-0x0000000000ffffff]
[    0.000000]   DMA32    [mem 0x0000000001000000-0x000000001ffeffff]
[    0.000000]   Normal   empty
[    0.000000]   Device   empty
[    0.000000] Movable zone start for each node
[    0.000000] Early memory node ranges
[    0.000000]   node   0: [mem 0x0000000000001000-0x000000000009efff]
[    0.000000]   node   0: [mem 0x0000000000100000-0x000000001ffeffff]
[    0.000000] Initmem setup node 0 [mem 0x0000000000001000-0x000000001ffeffff]
[    0.000000] ACPI: PM-Timer IO Port: 0x4008
[    0.000000] IOAPIC[0]: apic_id 2, version 32, address 0xfec00000, GSI 0-23
[    0.000000] ACPI: INT_SRC_OVR (bus 0 bus_irq 0 global_irq 2 dfl dfl)
[    0.000000] ACPI: INT_SRC_OVR (bus 0 bus_irq 9 global_irq 9 low level)
[    0.000000] Using ACPI (MADT) for SMP configuration information
[    0.000000] smpboot: Allowing 2 CPUs, 0 hotplug CPUs
[    0.000000] PM: Registered nosave memory: [mem 0x00000000-0x00000fff]
[    0.000000] PM: Registered nosave memory: [mem 0x0009f000-0x0009ffff]
[    0.000000] PM: Registered nosave memory: [mem 0x000a0000-0x000effff]
[    0.000000] PM: Registered nosave memory: [mem 0x000f0000-0x000fffff]
[    0.000000] e820: [mem 0x20000000-0xfebfffff] available for PCI devices
[    0.000000] Booting paravirtualized kernel on KVM
[    0.000000] clocksource: refined-jiffies: mask: 0xffffffff max_cycles: 0xffffffff, max_idle_ns: 7645519600211568 ns
[    0.000000] setup_percpu: NR_CPUS:512 nr_cpumask_bits:512 nr_cpu_ids:2 nr_node_ids:1
[    0.000000] PERCPU: Embedded 33 pages/cpu @ffff88001fc00000 s95448 r8192 d31528 u1048576
[    0.000000] Built 1 zonelists in Node order, mobility grouping on.  Total pages: 128888
[    0.000000] Policy zone: DMA32
[    0.000000] Kernel command line: BOOT_IMAGE=/boot/vmlinuz-4.4.0-179-generic root=LABEL=cloudimg-rootfs ro console=tty1 console=ttyS0
[    0.000000] PID hash table entries: 2048 (order: 2, 16384 bytes)
[    0.000000] Memory: 481596K/523832K available (8630K kernel code, 1336K rwdata, 4036K rodata, 1488K init, 1292K bss, 42236K reserved, 0K cma-reserved)
[    0.000000] SLUB: HWalign=64, Order=0-3, MinObjects=0, CPUs=2, Nodes=1
[    0.000000] Kernel/User page tables isolation: enabled
[    0.000000] Hierarchical RCU implementation.
[    0.000000] 	Build-time adjustment of leaf fanout to 64.
[    0.000000] 	RCU restricting CPUs from NR_CPUS=512 to nr_cpu_ids=2.
[    0.000000] RCU: Adjusting geometry for rcu_fanout_leaf=64, nr_cpu_ids=2
[    0.000000] NR_IRQS:33024 nr_irqs:440 16
[    0.000000] Console: colour VGA+ 80x25
[    0.000000] console [tty1] enabled
[    0.000000] console [ttyS0] enabled
[    0.000000] tsc: Detected 2904.000 MHz processor
[    0.172339] Calibrating delay loop (skipped) preset value.. 5808.00 BogoMIPS (lpj=11616000)
[    0.174685] pid_max: default: 32768 minimum: 301
[    0.175874] ACPI: Core revision 20150930
[    0.178478] ACPI: 2 ACPI AML tables successfully acquired and loaded
[    0.180119] Security Framework initialized
[    0.181133] Yama: becoming mindful.
[    0.182061] AppArmor: AppArmor initialized
[    0.183142] Dentry cache hash table entries: 65536 (order: 7, 524288 bytes)
[    0.184920] Inode-cache hash table entries: 32768 (order: 6, 262144 bytes)
[    0.187027] Mount-cache hash table entries: 1024 (order: 1, 8192 bytes)
[    0.188949] Mountpoint-cache hash table entries: 1024 (order: 1, 8192 bytes)
[    0.190707] Initializing cgroup subsys io
[    0.191729] Initializing cgroup subsys memory
[    0.192783] Initializing cgroup subsys devices
[    0.193920] Initializing cgroup subsys freezer
[    0.195039] Initializing cgroup subsys net_cls
[    0.196193] Initializing cgroup subsys perf_event
[    0.197403] Initializing cgroup subsys net_prio
[    0.198582] Initializing cgroup subsys hugetlb
[    0.199827] Initializing cgroup subsys pids
[    0.202741] mce: CPU supports 0 MCE banks
[    0.203842] Last level iTLB entries: 4KB 64, 2MB 8, 4MB 8
[    0.205230] Last level dTLB entries: 4KB 64, 2MB 0, 4MB 0, 1GB 4
[    0.206613] Spectre V1 : Mitigation: usercopy/swapgs barriers and __user pointer sanitization
[    0.208895] Spectre V2 : Mitigation: Full generic retpoline
[    0.210561] Spectre V2 : Spectre v2 / SpectreRSB mitigation: Filling RSB on context switch
[    0.212694] Speculative Store Bypass: Vulnerable
[    0.213930] MDS: Vulnerable: Clear CPU buffers attempted, no microcode
[    0.218438] Freeing SMP alternatives memory: 36K
[    0.226543] ftrace: allocating 32313 entries in 127 pages
[    0.291822] smpboot: APIC(0) Converting physical 0 to logical package 0
[    0.293290] smpboot: Max logical packages: 1
[    0.294692] x2apic enabled
[    0.295842] Switched APIC routing to physical x2apic.
[    0.298436] ..TIMER: vector=0x30 apic1=0 pin1=2 apic2=-1 pin2=-1
[    0.407944] smpboot: CPU0: Intel(R) Core(TM) i7-7500U CPU @ 2.70GHz (family: 0x6, model: 0x8e, stepping: 0x9)
[    0.410563] Performance Events: unsupported p6 CPU model 142 no PMU driver, software events only.
[    0.424166] KVM setup paravirtual spinlock
[    0.425929] x86: Booting SMP configuration:
[    0.427126] .... node  #0, CPUs:      #1
[    0.428260] kvm-clock: cpu 1, msr 0:1ffe3041, secondary cpu clock
[    0.431300] mce: CPU supports 0 MCE banks
[    0.434244] x86: Booted up 1 node, 2 CPUs
[    0.435591] smpboot: Total of 2 processors activated (11616.00 BogoMIPS)
[    0.440551] devtmpfs: initialized
[    0.443302] evm: security.selinux
[    0.444204] evm: security.SMACK64
[    0.445184] evm: security.SMACK64EXEC
[    0.446201] evm: security.SMACK64TRANSMUTE
[    0.447293] evm: security.SMACK64MMAP
[    0.448285] evm: security.ima
[    0.449134] evm: security.capability
[    0.450309] clocksource: jiffies: mask: 0xffffffff max_cycles: 0xffffffff, max_idle_ns: 7645041785100000 ns
[    0.452637] futex hash table entries: 512 (order: 3, 32768 bytes)
[    0.454178] pinctrl core: initialized pinctrl subsystem
[    0.455547] RTC time: 19:47:43, date: 07/08/20
[    0.456833] NET: Registered protocol family 16
[    0.468134] cpuidle: using governor ladder
[    0.480144] cpuidle: using governor menu
[    0.481325] PCCT header not found.
[    0.482375] ACPI: bus type PCI registered
[    0.483766] acpiphp: ACPI Hot Plug PCI Controller Driver version: 0.5
[    0.485934] PCI: Using configuration type 1 for base access
[    0.501252] ACPI: Added _OSI(Module Device)
[    0.502399] ACPI: Added _OSI(Processor Device)
[    0.503534] ACPI: Added _OSI(3.0 _SCP Extensions)
[    0.504734] ACPI: Added _OSI(Processor Aggregator Device)
[    0.506701] ACPI: Executed 1 blocks of module-level executable AML code
[    0.510727] ACPI: Interpreter enabled
[    0.511729] ACPI: (supports S0 S5)
[    0.512620] ACPI: Using IOAPIC for interrupt routing
[    0.513991] PCI: Using host bridge windows from ACPI; if necessary, use "pci=nocrs" and report a bug
[    0.520008] ACPI: PCI Root Bridge [PCI0] (domain 0000 [bus 00-ff])
[    0.521382] acpi PNP0A03:00: _OSC: OS supports [ASPM ClockPM Segments MSI]
[    0.523330] acpi PNP0A03:00: _OSC: not requesting OS control; OS requires [ExtendedConfig ASPM ClockPM MSI]
[    0.525569] acpi PNP0A03:00: fail to add MMCONFIG information, can't access extended PCI configuration space under this bridge.
[    0.528528] PCI host bridge to bus 0000:00
[    0.529560] pci_bus 0000:00: root bus resource [io  0x0000-0x0cf7 window]
[    0.531029] pci_bus 0000:00: root bus resource [io  0x0d00-0xffff window]
[    0.532499] pci_bus 0000:00: root bus resource [mem 0x000a0000-0x000bffff window]
[    0.534781] pci_bus 0000:00: root bus resource [mem 0x20000000-0xfdffffff window]
[    0.536713] pci_bus 0000:00: root bus resource [bus 00-ff]
[    0.539937] pci 0000:00:01.1: legacy IDE quirk: reg 0x10: [io  0x01f0-0x01f7]
[    0.541562] pci 0000:00:01.1: legacy IDE quirk: reg 0x14: [io  0x03f6]
[    0.543125] pci 0000:00:01.1: legacy IDE quirk: reg 0x18: [io  0x0170-0x0177]
[    0.544753] pci 0000:00:01.1: legacy IDE quirk: reg 0x1c: [io  0x0376]
[    0.569805] pci 0000:00:07.0: quirk: [io  0x4000-0x403f] claimed by PIIX4 ACPI
[    0.571753] pci 0000:00:07.0: quirk: [io  0x4100-0x410f] claimed by PIIX4 SMB
[    0.580177] ACPI: PCI Interrupt Link [LNKA] (IRQs 5 9 10 *11)
[    0.582280] ACPI: PCI Interrupt Link [LNKB] (IRQs 5 9 *10 11)
[    0.584220] ACPI: PCI Interrupt Link [LNKC] (IRQs 5 *9 10 11)
[    0.586233] ACPI: PCI Interrupt Link [LNKD] (IRQs 5 9 10 *11)
[    0.588205] ACPI: Enabled 2 GPEs in block 00 to 07
[    0.589705] vgaarb: setting as boot device: PCI:0000:00:02.0
[    0.591024] vgaarb: device added: PCI:0000:00:02.0,decodes=io+mem,owns=io+mem,locks=none
[    0.592987] vgaarb: loaded
[    0.593772] vgaarb: bridge control possible 0000:00:02.0
[    0.595267] SCSI subsystem initialized
[    0.596461] ACPI: bus type USB registered
[    0.597488] usbcore: registered new interface driver usbfs
[    0.598804] usbcore: registered new interface driver hub
[    0.600124] usbcore: registered new device driver usb
[    0.601526] PCI: Using ACPI for IRQ routing
[    0.602889] NetLabel: Initializing
[    0.603775] NetLabel:  domain hash size = 128
[    0.604859] NetLabel:  protocols = UNLABELED CIPSOv4
[    0.606016] NetLabel:  unlabeled traffic allowed by default
[    0.607624] amd_nb: Cannot enumerate AMD northbridges
[    0.608908] clocksource: Switched to clocksource kvm-clock
[    0.618406] AppArmor: AppArmor Filesystem Enabled
[    0.619780] pnp: PnP ACPI init
[    0.621511] pnp: PnP ACPI: found 3 devices
[    0.633150] clocksource: acpi_pm: mask: 0xffffff max_cycles: 0xffffff, max_idle_ns: 2085701024 ns
[    0.635258] NET: Registered protocol family 2
[    0.636504] TCP established hash table entries: 4096 (order: 3, 32768 bytes)
[    0.638038] TCP bind hash table entries: 4096 (order: 4, 65536 bytes)
[    0.639464] TCP: Hash tables configured (established 4096 bind 4096)
[    0.640926] UDP hash table entries: 256 (order: 1, 8192 bytes)
[    0.642309] UDP-Lite hash table entries: 256 (order: 1, 8192 bytes)
[    0.643727] NET: Registered protocol family 1
[    0.644814] pci 0000:00:00.0: Limiting direct PCI/PCI transfers
[    0.646213] pci 0000:00:01.0: Activating ISA DMA hang workarounds
[    0.650395] Unpacking initramfs...
[    0.889189] Freeing initrd memory: 14876K
[    0.890666] clocksource: tsc: mask: 0xffffffffffffffff max_cycles: 0x29dc05e54fc, max_idle_ns: 440795291716 ns
[    0.893852] platform rtc_cmos: registered platform RTC device (no PNP device found)
[    0.896406] Scanning for low memory corruption every 60 seconds
[    0.898654] audit: initializing netlink subsys (disabled)
[    0.900241] audit: type=2000 audit(1594237668.126:1): initialized
[    0.901875] Initialise system trusted keyring
[    0.903111] HugeTLB registered 2 MB page size, pre-allocated 0 pages
[    0.905714] zbud: loaded
[    0.906826] VFS: Disk quotas dquot_6.6.0
[    0.907861] VFS: Dquot-cache hash table entries: 512 (order 0, 4096 bytes)
[    0.909642] squashfs: version 4.0 (2009/01/31) Phillip Lougher
[    0.911424] fuse init (API version 7.23)
[    0.912544] Key type big_key registered
[    0.913524] Allocating IMA MOK and blacklist keyrings.
[    0.916081] Key type asymmetric registered
[    0.917194] Asymmetric key parser 'x509' registered
[    0.918474] Block layer SCSI generic (bsg) driver version 0.4 loaded (major 249)
[    0.920612] io scheduler noop registered
[    0.921716] io scheduler deadline registered (default)
[    0.922981] io scheduler cfq registered
[    0.924161] pci_hotplug: PCI Hot Plug PCI Core version: 0.5
[    0.925573] pciehp: PCI Express Hot Plug Controller Driver version: 0.4
[    0.927238] ACPI: AC Adapter [AC] (off-line)
[    0.928396] input: Power Button as /devices/LNXSYSTM:00/LNXPWRBN:00/input/input0
[    0.930408] ACPI: Power Button [PWRF]
[    0.931448] input: Sleep Button as /devices/LNXSYSTM:00/LNXSLPBN:00/input/input1
[    0.933389] ACPI: Sleep Button [SLPF]
[    0.934594] GHES: HEST is not enabled!
[    0.935466] ACPI: Battery Slot [BAT0] (battery present)
[    0.937247] Serial: 8250/16550 driver, 32 ports, IRQ sharing enabled
[    0.959488] 00:02: ttyS0 at I/O 0x3f8 (irq = 4, base_baud = 115200) is a 16550A
[    0.964237] Linux agpgart interface v0.103
[    0.967619] loop: module loaded
[    0.969044] scsi host0: ata_piix
[    0.970040] scsi host1: ata_piix
[    0.970924] ata1: PATA max UDMA/33 cmd 0x1f0 ctl 0x3f6 bmdma 0xd000 irq 14
[    0.972345] ata2: PATA max UDMA/33 cmd 0x170 ctl 0x376 bmdma 0xd008 irq 15
[    0.974031] libphy: Fixed MDIO Bus: probed
[    0.975172] tun: Universal TUN/TAP device driver, 1.6
[    0.976288] tun: (C) 1999-2004 Max Krasnyansky <maxk@qualcomm.com>
[    0.977787] PPP generic driver version 2.4.2
[    0.978918] ehci_hcd: USB 2.0 'Enhanced' Host Controller (EHCI) Driver
[    0.980344] ehci-pci: EHCI PCI platform driver
[    0.981437] ehci-platform: EHCI generic platform driver
[    0.982610] ohci_hcd: USB 1.1 'Open' Host Controller (OHCI) Driver
[    0.983915] ohci-pci: OHCI PCI platform driver
[    0.984950] ohci-platform: OHCI generic platform driver
[    0.986195] uhci_hcd: USB Universal Host Controller Interface driver
[    0.987598] i8042: PNP: PS/2 Controller [PNP0303:PS2K,PNP0f03:PS2M] at 0x60,0x64 irq 1,12
[    0.990035] serio: i8042 KBD port at 0x60,0x64 irq 1
[    0.991138] serio: i8042 AUX port at 0x60,0x64 irq 12
[    0.992508] mousedev: PS/2 mouse device common for all mice
[    0.994106] input: AT Translated Set 2 keyboard as /devices/platform/i8042/serio0/input/input2
[    0.996605] rtc_cmos rtc_cmos: rtc core: registered rtc_cmos as rtc0
[    0.998067] rtc_cmos rtc_cmos: alarms up to one day, 114 bytes nvram
[    0.999409] i2c /dev entries driver
[    1.000424] device-mapper: uevent: version 1.0.3
[    1.002017] device-mapper: ioctl: 4.34.0-ioctl (2015-10-28) initialised: dm-devel@redhat.com
[    1.003988] ledtrig-cpu: registered to indicate activity on CPUs
[    1.005905] NET: Registered protocol family 10
[    1.007749] NET: Registered protocol family 17
[    1.008792] Key type dns_resolver registered
[    1.010712] registered taskstats version 1
[    1.011987] Loading compiled-in X.509 certificates
[    1.014300] Loaded X.509 cert 'Build time autogenerated kernel key: a9e5689415cbbea5b40a198600f217117afda70c'
[    1.017455] zswap: loaded using pool lzo/zbud
[    1.020896] Key type trusted registered
[    1.026641] Key type encrypted registered
[    1.028078] AppArmor: AppArmor sha1 policy hashing enabled
[    1.029609] ima: No TPM chip found, activating TPM-bypass!
[    1.031269] ima: Allocated hash algorithm: sha1
[    1.035547] evm: HMAC attrs: 0x1
[    1.037096]   Magic number: 12:857:798
[    1.038450] rtc_cmos rtc_cmos: setting system clock to 2020-07-08 19:47:43 UTC (1594237663)
[    1.041274] BIOS EDD facility v0.16 2004-Jun-25, 0 devices found
[    1.042813] EDD information not available.
[    1.153472] Freeing unused kernel memory: 1488K
[    1.154582] Write protecting the kernel read-only data: 14336k
[    1.156433] Freeing unused kernel memory: 1600K
[    1.158013] Freeing unused kernel memory: 60K
Loading, please wait...
starting version 229
[    1.172472] random: systemd-udevd: uninitialized urandom read (16 bytes read, 3 bits of entropy available)
[    1.172821] random: udevadm: uninitialized urandom read (16 bytes read, 3 bits of entropy available)
[    1.172841] random: udevadm: uninitialized urandom read (16 bytes read, 3 bits of entropy available)
[    1.182728] random: systemd-udevd: uninitialized urandom read (16 bytes read, 3 bits of entropy available)
[    1.183424] random: udevadm: uninitialized urandom read (16 bytes read, 3 bits of entropy available)
[    1.183470] random: udevadm: uninitialized urandom read (16 bytes read, 3 bits of entropy available)
[    1.183632] random: udevadm: uninitialized urandom read (16 bytes read, 3 bits of entropy available)
[    1.183735] random: udevadm: uninitialized urandom read (16 bytes read, 3 bits of entropy available)
[    1.183802] random: udevadm: uninitialized urandom read (16 bytes read, 3 bits of entropy available)
[    1.183868] random: udevadm: uninitialized urandom read (16 bytes read, 3 bits of entropy available)
[    1.235748] e1000: Intel(R) PRO/1000 Network Driver - version 7.3.21-k8-NAPI
[    1.237246] e1000: Copyright (c) 1999-2006 Intel Corporation.
[    1.238791] Fusion MPT base driver 3.04.20
[    1.240220] Copyright (c) 1999-2008 LSI Corporation
[    1.249872] Fusion MPT SPI Host driver 3.04.20
[    1.258701] AVX2 version of gcm_enc/dec engaged.
[    1.260345] AES CTR mode by8 optimization enabled
[    1.461959] input: ImExPS/2 Generic Explorer Mouse as /devices/platform/i8042/serio1/input/input4
[    1.791320] e1000 0000:00:03.0 eth0: (PCI:33MHz:32-bit) 02:7c:66:aa:a6:59
[    1.793530] e1000 0000:00:03.0 eth0: Intel(R) PRO/1000 Network Connection
[    2.329655] e1000 0000:00:08.0 eth1: (PCI:33MHz:32-bit) 08:00:27:3a:91:fa
[    2.331120] e1000 0000:00:08.0 eth1: Intel(R) PRO/1000 Network Connection
[    2.334010] e1000 0000:00:03.0 enp0s3: renamed from eth0
[    2.335965] mptbase: ioc0: Initiating bringup
[    2.346073] e1000 0000:00:08.0 enp0s8: renamed from eth1
[    2.401461] ioc0: LSI53C1030 A0: Capabilities={Initiator}
[    2.563764] scsi host2: ioc0: LSI53C1030 A0, FwRev=00000000h, Ports=1, MaxQ=256, IRQ=20
[    2.673737] scsi 2:0:0:0: Direct-Access     VBOX     HARDDISK         1.0  PQ: 0 ANSI: 5
[    2.675823] scsi target2:0:0: Beginning Domain Validation
[    2.679394] scsi target2:0:0: Domain Validation skipping write tests
[    2.680780] scsi target2:0:0: Ending Domain Validation
[    2.682036] scsi target2:0:0: asynchronous
[    2.683642] scsi 2:0:1:0: Direct-Access     VBOX     HARDDISK         1.0  PQ: 0 ANSI: 5
[    2.685677] scsi target2:0:1: Beginning Domain Validation
[    2.702235] scsi target2:0:1: Domain Validation skipping write tests
[    2.703616] scsi target2:0:1: Ending Domain Validation
[    2.704859] scsi target2:0:1: asynchronous
[    2.712140] sd 2:0:0:0: Attached scsi generic sg0 type 0
[    2.713590] sd 2:0:0:0: [sda] 20971520 512-byte logical blocks: (10.7 GB/10.0 GiB)
[    2.715942] sd 2:0:1:0: Attached scsi generic sg1 type 0
[    2.717175] sd 2:0:1:0: [sdb] 20480 512-byte logical blocks: (10.5 MB/10.0 MiB)
[    2.717425] sd 2:0:0:0: [sda] Write Protect is off
[    2.717550] sd 2:0:0:0: [sda] Incomplete mode parameter data
[    2.717552] sd 2:0:0:0: [sda] Assuming drive cache: write through
[    2.721888]  sda: sda1
[    2.722505] sd 2:0:0:0: [sda] Attached SCSI disk
[    2.725662] sd 2:0:1:0: [sdb] Write Protect is off
[    2.727002] sd 2:0:1:0: [sdb] Incomplete mode parameter data
[    2.728271] sd 2:0:1:0: [sdb] Assuming drive cache: write through
[    2.732311] sd 2:0:1:0: [sdb] Attached SCSI disk
Begin: Loading essential drivers ... [    4.221189] md: linear personality registered for level -1
[    4.224605] md: multipath personality registered for level -4
[    4.228304] md: raid0 personality registered for level 0
[    4.232958] md: raid1 personality registered for level 1
[    4.304971] raid6: sse2x1   gen() 11098 MB/s
[    4.372921] raid6: sse2x1   xor()  8583 MB/s
[    4.440929] raid6: sse2x2   gen() 14323 MB/s
[    4.509329] raid6: sse2x2   xor()  9918 MB/s
[    4.576936] raid6: sse2x4   gen() 16200 MB/s
[    4.645225] raid6: sse2x4   xor() 11479 MB/s
[    4.713181] raid6: avx2x1   gen() 22453 MB/s
[    4.781127] raid6: avx2x2   gen() 26674 MB/s
[    4.849052] raid6: avx2x4   gen() 29565 MB/s
[    4.850191] raid6: using algorithm avx2x4 gen() 29565 MB/s
[    4.851489] raid6: using avx2x2 recovery algorithm
[    4.853851] xor: automatically using best checksumming function:
[    4.893273]    avx       : 27022.000 MB/sec
[    4.895466] async_tx: api initialized (async)
[    4.905952] md: raid6 personality registered for level 6
[    4.907327] md: raid5 personality registered for level 5
[    4.908555] md: raid4 personality registered for level 4
[    4.916783] md: raid10 personality registered for level 10
done.
Begin: Running /scripts/init-premount ... done.
Begin: Mounting root file system ... Begin: Running /scripts/local-top ... done.
Begin: Running /scripts/local-premount ... [    4.949062] Btrfs loaded
Scanning for Btrfs filesystems
done.
Warning: fsck not present, so skipping root file system
[    4.973988] EXT4-fs (sda1): INFO: recovery required on readonly filesystem
[    4.975430] EXT4-fs (sda1): write access will be enabled during recovery
[    5.091129] EXT4-fs (sda1): orphan cleanup on readonly fs
[    5.092829] EXT4-fs (sda1): 1 orphan inode deleted
[    5.094313] EXT4-fs (sda1): recovery complete
[    5.096289] EXT4-fs (sda1): mounted filesystem with ordered data mode. Opts: (null)
done.
Begin: Running /scripts/local-bottom ... done.
Begin: Running /scripts/init-bottom ... done.
[    5.200127] systemd[1]: systemd 229 running in system mode. (+PAM +AUDIT +SELINUX +IMA +APPARMOR +SMACK +SYSVINIT +UTMP +LIBCRYPTSETUP +GCRYPT +GNUTLS +ACL +XZ -LZ4 +SECCOMP +BLKID +ELFUTILS +KMOD -IDN)
[    5.203999] systemd[1]: Detected virtualization oracle.
[    5.205217] systemd[1]: Detected architecture x86-64.

Welcome to [1mUbuntu 16.04.6 LTS[0m!

[    5.208803] systemd[1]: Set hostname to <ubuntu-xenial>.
[    5.432392] systemd[1]: Started Trigger resolvconf update for networkd DNS.
[[0;32m  OK  [0m] Started Trigger resolvconf update for networkd DNS.
[    5.435220] systemd[1]: Listening on Journal Audit Socket.
[[0;32m  OK  [0m] Listening on Journal Audit Socket.
[    5.437494] systemd[1]: Listening on LVM2 metadata daemon socket.
[[0;32m  OK  [0m] Listening on LVM2 metadata daemon socket.
[    5.440045] systemd[1]: Listening on Journal Socket (/dev/log).
[[0;32m  OK  [0m] Listening on Journal Socket (/dev/log).
[    5.565545] systemd[1]: Listening on LVM2 poll daemon socket.
[[0;32m  OK  [0m] Listening on LVM2 poll daemon socket.
[    5.567887] systemd[1]: Reached target Swap.
[[0;32m  OK  [0m] Reached target Swap.
[    5.779124] systemd[1]: Listening on Syslog Socket.
[[0;32m  OK  [0m] Listening on Syslog Socket.
[    5.781168] systemd[1]: Listening on /dev/initctl Compatibility Named Pipe.
[[0;32m  OK  [0m] Listening on /dev/initctl Compatibility Named Pipe.
[    5.783639] systemd[1]: Started Forward Password Requests to Wall Directory Watch.
[[0;32m  OK  [0m] Started Forward Password Requests to Wall Directory Watch.
[    5.786307] systemd[1]: Reached target Encrypted Volumes.
[[0;32m  OK  [0m] Reached target Encrypted Volumes.
[    5.836229] systemd[1]: Reached target User and Group Name Lookups.
[[0;32m  OK  [0m] Reached target User and Group Name Lookups.
[    5.838882] systemd[1]: Listening on udev Control Socket.
[[0;32m  OK  [0m] Listening on udev Control Socket.
[    5.841092] systemd[1]: Reached target System Time Synchronized.
[[0;32m  OK  [0m] Reached target System Time Synchronized.
[    5.887225] systemd[1]: Created slice User and Session Slice.
[[0;32m  OK  [0m] Created slice User and Session Slice.
[    5.902302] systemd[1]: Set up automount Arbitrary Executable File Formats File System Automount Point.
[[0;32m  OK  [0m] Set up automount Arbitrary Executab...ats File System Automount Point.
[    5.905582] systemd[1]: Listening on Device-mapper event daemon FIFOs.
[[0;32m  OK  [0m] Listening on Device-mapper event daemon FIFOs.
[    5.907969] systemd[1]: Listening on Journal Socket.
[[0;32m  OK  [0m] Listening on Journal Socket.
[    6.236957] systemd[1]: Created slice System Slice.
[[0;32m  OK  [0m] Created slice System Slice.
[    6.329245] systemd[1]: Starting Nameserver information manager...
         Starting Nameserver information manager...
[    6.333087] systemd[1]: Starting Remount Root and Kernel File Systems...
         Starting Remount Root and Kernel File Systems...
[    6.338522] EXT4-fs (sda1): re-mounted. Opts: (null)
[    6.343013] systemd[1]: Starting Load Kernel Modules...
         Starting Load Kernel Modules...
[    6.346438] systemd[1]: Starting Create list of required static device nodes for the current kernel...
         Starting Create list of required st... nodes for the current kernel...
[    6.352719] systemd[1]: Reached target Slices.
[[0;32m  OK  [0m] Reached target Slices.[    6.355034] random: nonblocking pool is initialized

[    6.356844] Loading iSCSI transport class v2.0-870.
[    6.357694] systemd[1]: Mounting POSIX Message Queue File System...
         Mounting POSIX Message Queue File System...
[    6.361958] systemd[1]: Starting Journal Service...
         Starting Journal Service...
[    6.364585] systemd[1]: Starting Monitoring of LVM2 mirrors, snapshots etc. using dmeventd or progress polling...
         Starting Monitoring of LVM2 mirrors... dmeventd or progress polling...
[    6.374236] iscsi: registered transport (tcp)
[    6.377911] systemd[1]: Created slice system-serial\x2dgetty.slice.
[[0;32m  OK  [0m] Created slice system-serial\x2dgetty.slice.
[    6.381291] systemd[1]: Starting Set console keymap...
         Starting Set console keymap...
[    6.385260] systemd[1]: Mounting Huge Pages File System...
         Mounting Huge Pages File System...
[    6.391031] systemd[1]: Mounting Debug File System...
         Mounting Debug File System...
[    6.399194] systemd[1]: Starting Uncomplicated firewall...
         Starting Uncomplicated firewall...
[    6.402256] systemd[1]: Listening on udev Kernel Socket.
[[0;32m  OK  [0m] Listening on udev Kernel Socket.
[    6.418385] systemd[1]: Mounted Huge Pages File System.
[[0;32m  OK  [0m] Mounted Huge Pages File System.
[    6.425467] systemd[1]: Mounted Debug File System.
[[0;32m  OK  [0m] Mounted Debug File System.
[    6.427926] systemd[1]: Mounted POSIX Message Queue File System.
[[0;32m  OK  [0m] Mounted POSIX Message Queue File System.
[    6.432173] systemd[1]: Started Remount Root and Kernel File Systems.
[[0;32m  OK  [0m] Started Remount Root and Kernel File Systems.
[    6.438119] systemd[1]: Started Create list of required static device nodes for the current kernel.
[[0;32m  OK  [0m] Started Create list of required sta...ce nodes for the current kernel.
[    6.448702] systemd[1]: Started Uncomplicated firewall.
[[0;32m  OK  [0m] Started Uncomplicated firewall.
[    6.458706] systemd[1]: Started Nameserver information manager.
[[0;32m  OK  [0m] Started Nameserver information manager.
[    6.463539] systemd[1]: Started Journal Service.
[[0;32m  OK  [0m] Started Journal Service.
[[0;32m  OK  [0m] Started LVM2 metadata daemon.
         Starting Create Static Device Nodes in /dev...
         Starting Flush Journal to Persistent Storage...
         Starting Load/Save Random Seed...
         Starting udev Coldplug all Devices...
[    6.495335] systemd-journald[383]: Received request to flush runtime journal from PID 1
[[0;32m  OK  [0m] Started Load/Save Random Seed.
[[0;32m  OK  [0m] Started Flush Journal to Persistent Storage.
[    6.513742] iscsi: registered transport (iser)
[[0;32m  OK  [0m] Started Create Static Device Nodes in /dev.
[[0;32m  OK  [0m] Started Load Kernel Modules.
         Starting Apply Kernel Variables...
         Mounting FUSE Control File System...
         Starting udev Kernel Device Manager...
[[0;32m  OK  [0m] Mounted FUSE Control File System.
[[0;32m  OK  [0m] Started Set console keymap.
[[0;32m  OK  [0m] Started Apply Kernel Variables.
[[0;32m  OK  [0m] Started udev Kernel Device Manager.
[[0;32m  OK  [0m] Started udev Coldplug all Devices.
[[0;32m  OK  [0m] Started Dispatch Password Requests to Console Directory Watch.
[[0;32m  OK  [0m] Started Monitoring of LVM2 mirrors,...ng dmeventd or progress polling.
[[0;32m  OK  [0m] Reached target Local File Systems (Pre).
[[0;32m  OK  [0m] Reached target Local File Systems.
         Starting Tell Plymouth To Write Out Runtime Data...
         Starting LSB: AppArmor initialization...
         Starting Set console font and keymap...
         Starting Create Volatile Files and Directories...
         Starting Initial cloud-init job (pre-networking)...
[[0;32m  OK  [0m] Started Tell Plymouth To Write Out Runtime Data.
[[0;32m  OK  [0m] Started Create Volatile Files and Directories.
[[0;32m  OK  [0m] Found device /dev/ttyS0.
         Starting Update UTMP about System Boot/Shutdown...
[[0;32m  OK  [0m] Started Update UTMP about System Boot/Shutdown.
[[0;32m  OK  [0m] Listening on Load/Save RF Kill Switch Status /dev/rfkill Watch.
[[0;32m  OK  [0m] Started LSB: AppArmor initialization.
[[0;32m  OK  [0m] Found device 82540EM Gigabit Ethern...r (PRO/1000 MT Desktop Adapter).
[    7.632795] cloud-init[515]: Cloud-init v. 19.4-33-gbb4131a2-0ubuntu1~16.04.1 running 'init-local' at Wed, 08 Jul 2020 19:47:49 +0000. Up 7.30 seconds.
[[0;32m  OK  [0m] Started Initial cloud-init job (pre-networking).
[[0;32m  OK  [0m] Reached target Network (Pre).
[[0;32m  OK  [0m] Started ifup for enp0s3.
         Starting Raise network interfaces...
[[0;32m  OK  [0m] Started Set console font and keymap.
[[0;32m  OK  [0m] Created slice system-getty.slice.
[[0;32m  OK  [0m] Started Raise network interfaces.
         Starting Initial cloud-init job (metadata service crawler)...
[[0;32m  OK  [0m] Reached target Network.
[    8.699076] cloud-init[993]: Cloud-init v. 19.4-33-gbb4131a2-0ubuntu1~16.04.1 running 'init' at Wed, 08 Jul 2020 19:47:51 +0000. Up 8.39 seconds.
[    8.708486] cloud-init[993]: ci-info: ++++++++++++++++++++++++++++++++++++++Net device info+++++++++++++++++++++++++++++++++++++++
[    8.711476] cloud-init[993]: ci-info: +--------+-------+----------------------------+---------------+--------+-------------------+
[    8.713810] cloud-init[993]: ci-info: | Device |   Up  |          Address           |      Mask     | Scope  |     Hw-Address    |
[    8.716603] cloud-init[993]: ci-info: +--------+-------+----------------------------+---------------+--------+-------------------+
[    8.719738] cloud-init[993]: ci-info: | enp0s3 |  True |         10.0.2.15          | 255.255.255.0 | global | 02:7c:66:aa:a6:59 |
[    8.721777] cloud-init[993]: ci-info: | enp0s3 |  True | fe80::7c:66ff:feaa:a659/64 |       .       |  link  | 02:7c:66:aa:a6:59 |
[    8.723678] cloud-init[993]: ci-info: | enp0s8 | False |             .              |       .       |   .    | 08:00:27:3a:91:fa |
[    8.726534] cloud-init[993]: ci-info: |   lo   |  True |         127.0.0.1          |   255.0.0.0   |  host  |         .         |
[    8.729371] cloud-init[993]: ci-info: |   lo   |  True |          ::1/128           |       .       |  host  |         .         |
[    8.732186] cloud-init[993]: ci-info: +--------+-------+----------------------------+---------------+--------+-------------------+
[    8.735883] cloud-init[993]: ci-info: +++++++++++++++++++++++++++Route IPv4 info++++++++++++++++++++++++++++
[    8.737713] cloud-init[993]: ci-info: +-------+-------------+----------+---------------+-----------+-------+
[    8.739584] cloud-init[993]: ci-info: | Route | Destination | Gateway  |    Genmask    | Interface | Flags |
[    8.741634] cloud-init[993]: ci-info: +-------+-------------+----------+---------------+-----------+-------+[[0;32m  OK  [0m] Started Initial cloud-init job (metadata service crawler).
[[0;32m  OK  [0m] Reached target Network is Online.

[    8.752648] cloud-init[993]: ci-info: |   0   |   0.0.0.0   | 10.0.2.2 |    0.0.0.0    |   enp0s3  |   UG  |
[    8.760663]          Starting iSCSI initiator daemon (iscsid)...
[[0;32m  OK  [0m] Reached target System Initialization.
[[0;32m  OK  [0m] Listening on D-Bus System Message Bus Socket.
[[0;32m  OK  [0m] Started Daily apt download activities.
cloud-init[993]: ci-info: |   1   |   10.0.2.0  | 0.0.0.0  | 255.255.255.0 |   enp0s3  |   U   |
[[0;32m  OK  [0m] Started Daily apt upgrade and clean activities.
[    8.765884]          Starting LXD - unix socket.
[[0;32m  OK  [0m] Started Daily Cleanup of Temporary Directories.
[[0;32m  OK  [0m] Listening on ACPID Listen Socket.
[[0;32m  OK  [0m] Listening on UUID daemon activation socket.
cloud-init[993]: ci-info: +-------+-------------+----------+---------------+-----------+-------+
[    8.769947] [[0;32m  OK  [0m] Started ACPI Events Check.
[[0;32m  OK  [0m] Reached target Paths.
cloud-init[993]: ci-info: +++++++++++++++++++Route IPv6 info+++++++++++++++++++
         Starting Socket activation for snappy daemon.
[[0;32m  OK  [0m] Started Message of the Day.
[[0;32m  OK  [0m] Reached target Timers.
[[0;32m  OK  [0m] Reached target Cloud-config availability.
[[0;32m  OK  [0m] Listening on LXD - unix socket.
[[0;32m  OK  [0m] Listening on Socket activation for snappy daemon.
[[0;32m  OK  [0m] Reached target Sockets.
[[0;32m  OK  [0m] Reached target Basic System.
         Starting LSB: MD monitoring daemon...
         Starting Virtualbox guest utils...
[[0;32m  OK  [0m[    8.772739] ] Started D-Bus System Message Bus.
cloud-init[993]: ci-info: +-------+-------------+---------+-----------+-------+
[    8.789302] cloud-init[993]: ci-info: | Route | Destination | Gateway | Interface | Flags |
[    8.791780] cloud-init[993]: ci-info: +-------+-------------+---------+-----------+-------+
[    8.793256] cloud-init[993]: ci-info: |   0   |  fe80::/64  |    ::   |   enp0s3  |   U   |
[    8.796530] cloud-init[993]: ci-info: |   3   |   ff00::/8  |    ::   |   enp0s3  |   U   |
[    8.798289] cloud-init[993]: ci-info: +-------+-------------+---------+-----------+-------+
         Starting Accounts Service...
         Starting Login Service...
         Starting System Logging Service...
         Starting Message of the Day...
[[0;32m  OK  [0m] Started FUSE filesystem for LXC.
[[0;32m  OK  [0m] Started Regular background program processing daemon.
         Starting /etc/rc.local Compatibility...
         Starting LSB: Record successful boot for GRUB...
[[0;32m  OK  [0m] Started ACPI event daemon.
[[0;32m  OK  [0m] Started Deferred execution scheduler.
         Starting OpenBSD Secure Shell server...
         Starting Snappy daemon...
         Starting LXD - container startup/shutdown...
[[0;32m  OK  [0m] Started iSCSI initiator daemon (iscsid).
[[0;32m  OK  [0m] Started /etc/rc.local Compatibility.
         Starting Login to default iSCSI targets...
[[0;32m  OK  [0m] Started System Logging Service.
[[0;32m  OK  [0m] Started Login Service.
[[0;32m  OK  [0m] Started Unattended Upgrades Shutdown.
[[0;32m  OK  [0m] Started LSB: Record successful boot for GRUB.
[[0;32m  OK  [0m] Started Login to default iSCSI targets.
[[0;32m  OK  [0m] Reached target Remote File Systems (Pre).
[[0;32m  OK  [0m] Reached target Remote File Systems.
         Starting LSB: Set the CPU Frequency Scaling governor to "ondemand"...
         Starting Permit User Sessions...
         Starting LSB: automatic crash report generation...
         Starting LSB: daemon to balance interrupts for SMP systems...
         Starting LSB: Apache2 web server...
[[0;32m  OK  [0m] Started Permit User Sessions.
         Starting Authenticate and Authorize Users to Run Privileged Tasks...
         Starting Hold until boot process finishes up...
         Starting Terminate Plymouth Boot Screen...
[[0;32m  OK  [0m] Started Hold until boot process finishes up.
[[0;32m  OK  [0m] Started Getty on tty1.
[[0;32m  OK  [0m] Started Serial Getty on ttyS0.
[[0;32m  OK  [0m] Reached target Login Prompts.
         Starting Set console scheme...
[[0;32m  OK  [0m] Started Terminate Plymouth Boot Screen.
[[0;32m  OK  [0m] Started LSB: MD monitoring daemon.
[[0;32m  OK  [0m] Started Set console scheme.
[[0;32m  OK  [0m] Started OpenBSD Secure Shell server.
[[0;32m  OK  [0m] Started LXD - container startup/shutdown.
[[0;32m  OK  [0m] Started LSB: Set the CPU Frequency Scaling governor to "ondemand".
[[0;32m  OK  [0m] Started LSB: daemon to balance interrupts for SMP systems.
[[0;32m  OK  [0m] Started Authenticate and Authorize Users to Run Privileged Tasks.
[[0;32m  OK  [0m] Started Accounts Service.
[[0;32m  OK  [0m] Started LSB: automatic crash report generation.
[[0;32m  OK  [0m] Started Virtualbox guest utils.
[[0;32m  OK  [0m] Started Snappy daemon.
         Starting Wait until snapd is fully seeded...
[[0;32m  OK  [0m] Started Wait until snapd is fully seeded.
         Starting Apply the settings specified in cloud-config...
[   10.045076] cloud-init[1306]: Cloud-init v. 19.4-33-gbb4131a2-0ubuntu1~16.04.1 running 'modules:config' at Wed, 08 Jul 2020 19:47:52 +0000. Up 9.92 seconds.
[[0;32m  OK  [0m] Started Apply the settings specified in cloud-config.
[[0;32m  OK  [0m] Started LSB: Apache2 web server.
[[0;32m  OK  [0m] Reached target Multi-User System.
         Starting Execute cloud user/final scripts...
[[0;32m  OK  [0m] Reached target Graphical Interface.
         Starting Update UTMP about System Runlevel Changes...
[[0;32m  OK  [0m] Started Message of the Day.
[[0;32m  OK  [0m] Started Update UTMP about System Runlevel Changes.
[   10.998785] cloud-init[1329]: Cloud-init v. 19.4-33-gbb4131a2-0ubuntu1~16.04.1 running 'modules:final' at Wed, 08 Jul 2020 19:47:53 +0000. Up 10.86 seconds.
[   11.004680] cloud-init[1329]: Cloud-init v. 19.4-33-gbb4131a2-0ubuntu1~16.04.1 finished at Wed, 08 Jul 2020 19:47:53 +0000. Datasource DataSourceNoCloud [seed=/dev/sdb][dsmode=net].  Up 10.99 seconds
[[0;32m  OK  [0m] Started Execute cloud user/final scripts.
[[0;32m  OK  [0m] Reached target Cloud-init target.

Ubuntu 16.04.6 LTS ubuntu-xenial ttyS0

ubuntu-xenial login: 